<?xml version="1.0" encoding="UTF-8"?>
<!-- Generated by org.testng.reporters.JUnitReportReporter -->
<testsuite skipped="0" hostname="TYSS-TR-0019" name="pack1.Scenario2" tests="1" failures="0" timestamp="21 Jan 2019 11:24:11 GMT" time="29.001" errors="0">
  <testcase name="test1" time="29.001" classname="pack1.Scenario2"/>
</testsuite> <!-- pack1.Scenario2 -->
