<?xml version="1.0" encoding="UTF-8"?>
<!-- Generated by org.testng.reporters.JUnitReportReporter -->
<testsuite skipped="0" hostname="TYSS-TR-0019" name="pack1.ListnerMainClass" tests="1" failures="0" timestamp="21 Jan 2019 09:41:01 GMT" time="10.591" errors="0">
  <testcase name="test1" time="10.591" classname="pack1.ListnerMainClass"/>
</testsuite> <!-- pack1.ListnerMainClass -->
