<?xml version="1.0" encoding="UTF-8"?>
<!-- Generated by org.testng.reporters.JUnitReportReporter -->
<testsuite skipped="0" hostname="TYSS-TR-0019" name="pack1.Scenario1" tests="1" failures="0" timestamp="21 Jan 2019 10:04:10 GMT" time="37.224" errors="0">
  <testcase name="test1" time="37.224" classname="pack1.Scenario1"/>
</testsuite> <!-- pack1.Scenario1 -->
